<?xml version="1.0" encoding="UTF-8"?>
<!-- Generated by org.testng.reporters.JUnitXMLReporter -->
<testsuite hostname="DESKTOP-A0C76M2" ignored="0" name="Default test" tests="30" failures="0" timestamp="27 мар 2018 10:21:45 GMT" time="8.038" errors="0">
  <testcase name="testLoginMainPage" time="1.68" classname="jenkinsTargetTests.jenkinsTargetTests"/>
  <testcase name="testManageJenkinsHeader" time="0.044" classname="jenkinsTargetTests.jenkinsTargetTests"/>
  <testcase name="testCreateModifyUsers" time="0.03" classname="jenkinsTargetTests.jenkinsTargetTests"/>
  <testcase name="manageUsersButton" time="0.263" classname="jenkinsTargetTests.jenkinsTargetTests"/>
  <testcase name="testCreateUsers" time="0.033" classname="jenkinsTargetTests.jenkinsTargetTests"/>
  <testcase name="clickCrUsersButton" time="0.258" classname="jenkinsTargetTests.jenkinsTargetTests"/>
  <testcase name="findUserCreationForm" time="0.036" classname="jenkinsTargetTests.jenkinsTargetTests"/>
  <testcase name="findFormUsernameTextElement" time="0.031" classname="jenkinsTargetTests.jenkinsTargetTests"/>
  <testcase name="findFormFullnameTextElement" time="0.029" classname="jenkinsTargetTests.jenkinsTargetTests"/>
  <testcase name="findFormEmailTextElement" time="0.021" classname="jenkinsTargetTests.jenkinsTargetTests"/>
  <testcase name="findFormPasswordElement" time="0.028" classname="jenkinsTargetTests.jenkinsTargetTests"/>
  <testcase name="findFormPasswordConfirmElement" time="0.028" classname="jenkinsTargetTests.jenkinsTargetTests"/>
  <testcase name="findEmptyUserNameFieldCheck" time="0.03" classname="jenkinsTargetTests.jenkinsTargetTests"/>
  <testcase name="findEmptyPasswordFieldCheck" time="0.031" classname="jenkinsTargetTests.jenkinsTargetTests"/>
  <testcase name="findEmptyConfirmPasswordFieldCheck" time="0.017" classname="jenkinsTargetTests.jenkinsTargetTests"/>
  <testcase name="findEmptyfullNameFieldCheck" time="0.016" classname="jenkinsTargetTests.jenkinsTargetTests"/>
  <testcase name="findEmptyEmailAddressFieldCheck" time="0.015" classname="jenkinsTargetTests.jenkinsTargetTests"/>
  <testcase name="filloutEmptyUserNameField" time="0.092" classname="jenkinsTargetTests.jenkinsTargetTests"/>
  <testcase name="filloutPasswordField" time="0.086" classname="jenkinsTargetTests.jenkinsTargetTests"/>
  <testcase name="filloutPasswordConfirmField" time="0.082" classname="jenkinsTargetTests.jenkinsTargetTests"/>
  <testcase name="filloutFullaNameField" time="0.092" classname="jenkinsTargetTests.jenkinsTargetTests"/>
  <testcase name="filloutEmailaNameField" time="0.098" classname="jenkinsTargetTests.jenkinsTargetTests"/>
  <testcase name="clickCreateUserButton" time="0.387" classname="jenkinsTargetTests.jenkinsTargetTests"/>
  <testcase name="someUserCheck" time="0.032" classname="jenkinsTargetTests.jenkinsTargetTests"/>
  <testcase name="clickUserDeleteHref" time="0.267" classname="jenkinsTargetTests.jenkinsTargetTests"/>
  <testcase name="clickYesDeleteButton" time="0.247" classname="jenkinsTargetTests.jenkinsTargetTests"/>
  <testcase name="deleteUserLinkCheck" time="0.024" classname="jenkinsTargetTests.jenkinsTargetTests"/>
  <testcase name="pageRefresh" time="0.186" classname="jenkinsTargetTests.jenkinsTargetTests"/>
  <testcase name="removalUserLinkCheck" time="0.035" classname="jenkinsTargetTests.jenkinsTargetTests"/>
  <testcase name="removalUserLinkCheckAnew" time="0.016" classname="jenkinsTargetTests.jenkinsTargetTests"/>
</testsuite> <!-- Default test -->
